# JRE version: OpenJDK Runtime Environment (8.0_212-b04) (build 1.8.0_212-release-1586-b04)
# Java VM: OpenJDK 64-Bit Server VM (25.212-b04 mixed mode windows-amd64 compressed oops)
Heap:
 PSYoungGen      total 493568K, used 244678K [0x00000000e0000000, 0x00000000ffe00000, 0x0000000100000000)
  eden space 470016K, 48% used [0x00000000e0000000,0x00000000edd0fec0,0x00000000fcb00000)
  from space 23552K, 77% used [0x00000000fe700000,0x00000000ff8e1cc8,0x00000000ffe00000)
  to   space 26112K, 0% used [0x00000000fcb00000,0x00000000fcb00000,0x00000000fe480000)
 ParOldGen       total 136192K, used 48773K [0x00000000a0000000, 0x00000000a8500000, 0x00000000e0000000)
  object space 136192K, 35% used [0x00000000a0000000,0x00000000a2fa14e0,0x00000000a8500000)
 Metaspace       used 84017K, capacity 88968K, committed 89240K, reserved 1126400K
  class space    used 10800K, capacity 11838K, committed 11944K, reserved 1048576K
GC Heap History (10 events):
Event: 11.708 GC heap before
{Heap before GC invocations=11 (full 2):
 PSYoungGen      total 319488K, used 84809K [0x00000000e0000000, 0x00000000f7000000, 0x0000000100000000)
  eden space 305152K, 23% used [0x00000000e0000000,0x00000000e44d6598,0x00000000f2a00000)
  from space 14336K, 99% used [0x00000000f6200000,0x00000000f6ffc1d8,0x00000000f7000000)
  to   space 19968K, 0% used [0x00000000f4900000,0x00000000f4900000,0x00000000f5c80000)
 ParOldGen       total 96256K, used 28569K [0x00000000a0000000, 0x00000000a5e00000, 0x00000000e0000000)
  object space 96256K, 29% used [0x00000000a0000000,0x00000000a1be66a0,0x00000000a5e00000)
 Metaspace       used 57037K, capacity 59084K, committed 59160K, reserved 1099776K
  class space    used 7752K, capacity 8209K, committed 8232K, reserved 1048576K
Event: 11.731 GC heap after
Heap after GC invocations=11 (full 2):
 PSYoungGen      total 356864K, used 18245K [0x00000000e0000000, 0x00000000fb600000, 0x0000000100000000)
  eden space 336896K, 0% used [0x00000000e0000000,0x00000000e0000000,0x00000000f4900000)
  from space 19968K, 91% used [0x00000000f4900000,0x00000000f5ad1668,0x00000000f5c80000)
  to   space 22528K, 0% used [0x00000000fa000000,0x00000000fa000000,0x00000000fb600000)
 ParOldGen       total 96256K, used 28641K [0x00000000a0000000, 0x00000000a5e00000, 0x00000000e0000000)
  object space 96256K, 29% used [0x00000000a0000000,0x00000000a1bf86b0,0x00000000a5e00000)
 Metaspace       used 57037K, capacity 59084K, committed 59160K, reserved 1099776K
  class space    used 7752K, capacity 8209K, committed 8232K, reserved 1048576K
}
Event: 11.731 GC heap before
{Heap before GC invocations=12 (full 3):
 PSYoungGen      total 356864K, used 18245K [0x00000000e0000000, 0x00000000fb600000, 0x0000000100000000)
  eden space 336896K, 0% used [0x00000000e0000000,0x00000000e0000000,0x00000000f4900000)
  from space 19968K, 91% used [0x00000000f4900000,0x00000000f5ad1668,0x00000000f5c80000)
  to   space 22528K, 0% used [0x00000000fa000000,0x00000000fa000000,0x00000000fb600000)
 ParOldGen       total 96256K, used 28641K [0x00000000a0000000, 0x00000000a5e00000, 0x00000000e0000000)
  object space 96256K, 29% used [0x00000000a0000000,0x00000000a1bf86b0,0x00000000a5e00000)
 Metaspace       used 57037K, capacity 59084K, committed 59160K, reserved 1099776K
  class space    used 7752K, capacity 8209K, committed 8232K, reserved 1048576K
Event: 12.047 GC heap after
Heap after GC invocations=12 (full 3):
 PSYoungGen      total 356864K, used 0K [0x00000000e0000000, 0x00000000fb600000, 0x0000000100000000)
  eden space 336896K, 0% used [0x00000000e0000000,0x00000000e0000000,0x00000000f4900000)
  from space 19968K, 0% used [0x00000000f4900000,0x00000000f4900000,0x00000000f5c80000)
  to   space 22528K, 0% used [0x00000000fa000000,0x00000000fa000000,0x00000000fb600000)
 ParOldGen       total 136192K, used 33074K [0x00000000a0000000, 0x00000000a8500000, 0x00000000e0000000)
  object space 136192K, 24% used [0x00000000a0000000,0x00000000a204c9b0,0x00000000a8500000)
 Metaspace       used 57004K, capacity 58972K, committed 59160K, reserved 1099776K
  class space    used 7743K, capacity 8197K, committed 8232K, reserved 1048576K
}
Event: 2940.612 GC heap before
{Heap before GC invocations=13 (full 3):
 PSYoungGen      total 356864K, used 336896K [0x00000000e0000000, 0x00000000fb600000, 0x0000000100000000)
  eden space 336896K, 100% used [0x00000000e0000000,0x00000000f4900000,0x00000000f4900000)
  from space 19968K, 0% used [0x00000000f4900000,0x00000000f4900000,0x00000000f5c80000)
  to   space 22528K, 0% used [0x00000000fa000000,0x00000000fa000000,0x00000000fb600000)
 ParOldGen       total 136192K, used 33074K [0x00000000a0000000, 0x00000000a8500000, 0x00000000e0000000)
  object space 136192K, 24% used [0x00000000a0000000,0x00000000a204c9b0,0x00000000a8500000)
 Metaspace       used 71756K, capacity 74740K, committed 75032K, reserved 1114112K
  class space    used 9522K, capacity 10201K, committed 10280K, reserved 1048576K
Event: 2940.856 GC heap after
Heap after GC invocations=13 (full 3):
 PSYoungGen      total 422400K, used 22504K [0x00000000e0000000, 0x00000000fcf00000, 0x0000000100000000)
  eden space 399872K, 0% used [0x00000000e0000000,0x00000000e0000000,0x00000000f8680000)
  from space 22528K, 99% used [0x00000000fa000000,0x00000000fb5fa1f0,0x00000000fb600000)
  to   space 26112K, 0% used [0x00000000f8680000,0x00000000f8680000,0x00000000fa000000)
 ParOldGen       total 136192K, used 35257K [0x00000000a0000000, 0x00000000a8500000, 0x00000000e0000000)
  object space 136192K, 25% used [0x00000000a0000000,0x00000000a226e5f8,0x00000000a8500000)
 Metaspace       used 71756K, capacity 74740K, committed 75032K, reserved 1114112K
  class space    used 9522K, capacity 10201K, committed 10280K, reserved 1048576K
}
Event: 3175.472 GC heap before
{Heap before GC invocations=14 (full 3):
 PSYoungGen      total 422400K, used 422376K [0x00000000e0000000, 0x00000000fcf00000, 0x0000000100000000)
  eden space 399872K, 100% used [0x00000000e0000000,0x00000000f8680000,0x00000000f8680000)
  from space 22528K, 99% used [0x00000000fa000000,0x00000000fb5fa1f0,0x00000000fb600000)
  to   space 26112K, 0% used [0x00000000f8680000,0x00000000f8680000,0x00000000fa000000)
 ParOldGen       total 136192K, used 35265K [0x00000000a0000000, 0x00000000a8500000, 0x00000000e0000000)
  object space 136192K, 25% used [0x00000000a0000000,0x00000000a22707e8,0x00000000a8500000)
 Metaspace       used 78072K, capacity 81990K, committed 82200K, reserved 1120256K
  class space    used 10163K, capacity 10997K, committed 11048K, reserved 1048576K
Event: 3175.555 GC heap after
Heap after GC invocations=14 (full 3):
 PSYoungGen      total 425984K, used 14404K [0x00000000e0000000, 0x0000000100000000, 0x0000000100000000)
  eden space 399872K, 0% used [0x00000000e0000000,0x00000000e0000000,0x00000000f8680000)
  from space 26112K, 55% used [0x00000000f8680000,0x00000000f94912d0,0x00000000fa000000)
  to   space 25600K, 0% used [0x00000000fe700000,0x00000000fe700000,0x0000000100000000)
 ParOldGen       total 136192K, used 48755K [0x00000000a0000000, 0x00000000a8500000, 0x00000000e0000000)
  object space 136192K, 35% used [0x00000000a0000000,0x00000000a2f9cd08,0x00000000a8500000)
 Metaspace       used 78072K, capacity 81990K, committed 82200K, reserved 1120256K
  class space    used 10163K, capacity 10997K, committed 11048K, reserved 1048576K
}
Event: 4693.510 GC heap before
{Heap before GC invocations=15 (full 3):
 PSYoungGen      total 425984K, used 414276K [0x00000000e0000000, 0x0000000100000000, 0x0000000100000000)
  eden space 399872K, 100% used [0x00000000e0000000,0x00000000f8680000,0x00000000f8680000)
  from space 26112K, 55% used [0x00000000f8680000,0x00000000f94912d0,0x00000000fa000000)
  to   space 25600K, 0% used [0x00000000fe700000,0x00000000fe700000,0x0000000100000000)
 ParOldGen       total 136192K, used 48757K [0x00000000a0000000, 0x00000000a8500000, 0x00000000e0000000)
  object space 136192K, 35% used [0x00000000a0000000,0x00000000a2f9d4e0,0x00000000a8500000)
 Metaspace       used 81576K, capacity 86490K, committed 86552K, reserved 1124352K
  class space    used 10520K, capacity 11535K, committed 11560K, reserved 1048576K
Event: 4693.554 GC heap after
Heap after GC invocations=15 (full 3):
 PSYoungGen      total 493568K, used 18311K [0x00000000e0000000, 0x00000000ffe00000, 0x0000000100000000)
  eden space 470016K, 0% used [0x00000000e0000000,0x00000000e0000000,0x00000000fcb00000)
  from space 23552K, 77% used [0x00000000fe700000,0x00000000ff8e1cc8,0x00000000ffe00000)
  to   space 26112K, 0% used [0x00000000fcb00000,0x00000000fcb00000,0x00000000fe480000)
 ParOldGen       total 136192K, used 48773K [0x00000000a0000000, 0x00000000a8500000, 0x00000000e0000000)
  object space 136192K, 35% used [0x00000000a0000000,0x00000000a2fa14e0,0x00000000a8500000)
 Metaspace       used 81576K, capacity 86490K, committed 86552K, reserved 1124352K
  class space    used 10520K, capacity 11535K, committed 11560K, reserved 1048576K
}

